(node:4064) Warning: Setting the NODE_TLS_REJECT_UNAUTHORIZED environment variable to '0' makes TLS connections and HTTPS requests insecure by disabling certificate verification.
(Use `node --trace-warnings ...` to show where the warning was created)
npm warn tar TAR_ENTRY_ERROR UNKNOWN: unknown error, open 'D:\PROYEK LARAVEL\onlinestore\node_modules\has-symbols\.eslintrc'
npm warn tar TAR_ENTRY_ERROR UNKNOWN: unknown error, open 'D:\PROYEK LARAVEL\onlinestore\node_modules\math-intrinsics\.eslintrc'
npm warn tar TAR_ENTRY_ERROR UNKNOWN: unknown error, open 'D:\PROYEK LARAVEL\onlinestore\node_modules\asynckit\package.json'
npm warn tar TAR_ENTRY_ERROR UNKNOWN: unknown error, open 'D:\PROYEK LARAVEL\onlinestore\node_modules\color-name\package.json'
npm warn tar TAR_ENTRY_ERROR UNKNOWN: unknown error, open 'D:\PROYEK LARAVEL\onlinestore\node_modules\graceful-fs\LICENSE'
npm warn tar TAR_ENTRY_ERROR UNKNOWN: unknown error, open 'D:\PROYEK LARAVEL\onlinestore\node_modules\color-convert\package.json'
npm warn tar TAR_ENTRY_ERROR UNKNOWN: unknown error, open 'D:\PROYEK LARAVEL\onlinestore\node_modules\tree-kill\LICENSE'
npm warn tar TAR_ENTRY_ERROR UNKNOWN: unknown error, open 'D:\PROYEK LARAVEL\onlinestore\node_modules\ansi-styles\license'
npm warn tar TAR_ENTRY_ERROR UNKNOWN: unknown error, open 'D:\PROYEK LARAVEL\onlinestore\node_modules\supports-color\license'
npm warn tar TAR_ENTRY_ERROR UNKNOWN: unknown error, open 'D:\PROYEK LARAVEL\onlinestore\node_modules\yargs\LICENSE'
npm warn tar TAR_ENTRY_ERROR UNKNOWN: unknown error, open 'D:\PROYEK LARAVEL\onlinestore\node_modules\proxy-from-env\LICENSE'
npm warn tar TAR_ENTRY_ERROR UNKNOWN: unknown error, open 'D:\PROYEK LARAVEL\onlinestore\node_modules\update-browserslist-db\LICENSE'
npm warn tar TAR_ENTRY_ERROR UNKNOWN: unknown error, open 'D:\PROYEK LARAVEL\onlinestore\node_modules\chalk\license'
npm warn tar TAR_ENTRY_ERROR UNKNOWN: unknown error, open 'D:\PROYEK LARAVEL\onlinestore\node_modules\form-data\License'
npm warn tar TAR_ENTRY_ERROR UNKNOWN: unknown error, open 'D:\PROYEK LARAVEL\onlinestore\node_modules\picocolors\LICENSE'
npm warn tar TAR_ENTRY_ERROR UNKNOWN: unknown error, open 'D:\PROYEK LARAVEL\onlinestore\node_modules\follow-redirects\LICENSE'
npm warn tar TAR_ENTRY_ERROR UNKNOWN: unknown error, open 'D:\PROYEK LARAVEL\onlinestore\node_modules\postcss-value-parser\LICENSE'
npm warn tar TAR_ENTRY_ERROR UNKNOWN: unknown error, open 'D:\PROYEK LARAVEL\onlinestore\node_modules\fraction.js\LICENSE'
npm warn tar TAR_ENTRY_ERROR UNKNOWN: unknown error, open 'D:\PROYEK LARAVEL\onlinestore\node_modules\@tailwindcss\oxide-win32-x64-msvc\package.json'
npm warn tar TAR_ENTRY_ERROR UNKNOWN: unknown error, open 'D:\PROYEK LARAVEL\onlinestore\node_modules\@jridgewell\resolve-uri\LICENSE'
npm warn tar TAR_ENTRY_ERROR UNKNOWN: unknown error, open 'D:\PROYEK LARAVEL\onlinestore\node_modules\@jridgewell\sourcemap-codec\LICENSE'
npm warn tar TAR_ENTRY_ERROR UNKNOWN: unknown error, open 'D:\PROYEK LARAVEL\onlinestore\node_modules\caniuse-lite\LICENSE'
npm warn tar TAR_ENTRY_ERROR UNKNOWN: unknown error, open 'D:\PROYEK LARAVEL\onlinestore\node_modules\source-map-js\LICENSE'
npm warn tar TAR_ENTRY_ERROR UNKNOWN: unknown error, open 'D:\PROYEK LARAVEL\onlinestore\node_modules\@vue\shared\LICENSE'
npm warn tar TAR_ENTRY_ERROR UNKNOWN: unknown error, open 'D:\PROYEK LARAVEL\onlinestore\node_modules\@jridgewell\gen-mapping\LICENSE'
npm warn tar TAR_ENTRY_ERROR UNKNOWN: unknown error, open 'D:\PROYEK LARAVEL\onlinestore\node_modules\@jridgewell\trace-mapping\LICENSE'
npm warn tar TAR_ENTRY_ERROR UNKNOWN: unknown error, open 'D:\PROYEK LARAVEL\onlinestore\node_modules\@vue\reactivity\LICENSE'
npm warn tar TAR_ENTRY_ERROR UNKNOWN: unknown error, open 'D:\PROYEK LARAVEL\onlinestore\node_modules\lightningcss\LICENSE'
npm warn tar TAR_ENTRY_ERROR UNKNOWN: unknown error, open 'D:\PROYEK LARAVEL\onlinestore\node_modules\magic-string\LICENSE'
npm warn tar TAR_ENTRY_ERROR UNKNOWN: unknown error, open 'D:\PROYEK LARAVEL\onlinestore\node_modules\jiti\LICENSE'
npm warn tar TAR_ENTRY_ERROR UNKNOWN: unknown error, open 'D:\PROYEK LARAVEL\onlinestore\node_modules\@jridgewell\remapping\LICENSE'
npm warn tar TAR_ENTRY_ERROR UNKNOWN: unknown error, open 'D:\PROYEK LARAVEL\onlinestore\node_modules\enhanced-resolve\LICENSE'
npm warn tar TAR_ENTRY_ERROR UNKNOWN: unknown error, open 'D:\PROYEK LARAVEL\onlinestore\node_modules\@tailwindcss\oxide\index.js'
npm warn tar TAR_ENTRY_ERROR UNKNOWN: unknown error, open 'D:\PROYEK LARAVEL\onlinestore\node_modules\mini-svg-data-uri\LICENSE'
npm warn tar TAR_ENTRY_ERROR UNKNOWN: unknown error, open 'D:\PROYEK LARAVEL\onlinestore\node_modules\postcss\LICENSE'
npm warn tar TAR_ENTRY_ERROR UNKNOWN: unknown error, open 'D:\PROYEK LARAVEL\onlinestore\node_modules\@tailwindcss\vite\package.json'
npm warn tar TAR_ENTRY_ERROR UNKNOWN: unknown error, open 'D:\PROYEK LARAVEL\onlinestore\node_modules\tinyglobby\node_modules\picomatch\LICENSE'
npm warn tar TAR_ENTRY_ERROR UNKNOWN: unknown error, open 'D:\PROYEK LARAVEL\onlinestore\node_modules\chokidar\node_modules\glob-parent\LICENSE'
npm warn tar TAR_ENTRY_ERROR UNKNOWN: unknown error, open 'D:\PROYEK LARAVEL\onlinestore\node_modules\fast-glob\node_modules\glob-parent\LICENSE'
npm warn tar TAR_ENTRY_ERROR UNKNOWN: unknown error, open 'D:\PROYEK LARAVEL\onlinestore\node_modules\chalk\node_modules\supports-color\license'
npm warn tar TAR_ENTRY_ERROR UNKNOWN: unknown error, open 'D:\PROYEK LARAVEL\onlinestore\node_modules\vite\node_modules\picomatch\LICENSE'
npm warn tar TAR_ENTRY_ERROR UNKNOWN: unknown error, open 'D:\PROYEK LARAVEL\onlinestore\node_modules\vite\node_modules\fdir\LICENSE'
npm warn tar TAR_ENTRY_ERROR UNKNOWN: unknown error, open 'D:\PROYEK LARAVEL\onlinestore\node_modules\@tailwindcss\forms\LICENSE'
npm warn tar TAR_ENTRY_ERROR UNKNOWN: unknown error, open 'D:\PROYEK LARAVEL\onlinestore\node_modules\tinyglobby\node_modules\fdir\LICENSE'
npm warn tar TAR_ENTRY_ERROR UNKNOWN: unknown error, open 'D:\PROYEK LARAVEL\onlinestore\node_modules\@tailwindcss\node\node_modules\tailwindcss\index.css'
npm warn tar TAR_ENTRY_ERROR UNKNOWN: unknown error, open 'D:\PROYEK LARAVEL\onlinestore\node_modules\@tailwindcss\vite\node_modules\tailwindcss\index.css'
npm warn tar TAR_ENTRY_ERROR UNKNOWN: unknown error, open 'D:\PROYEK LARAVEL\onlinestore\node_modules\tailwindcss\node_modules\jiti\LICENSE'
npm warn tar TAR_ENTRY_ERROR UNKNOWN: unknown error, open 'D:\PROYEK LARAVEL\onlinestore\node_modules\@rollup\rollup-win32-x64-msvc\package.json'
npm warn tar TAR_ENTRY_ERROR UNKNOWN: unknown error, open 'D:\PROYEK LARAVEL\onlinestore\node_modules\ansi-regex\license'
npm warn tar TAR_ENTRY_ERROR UNKNOWN: unknown error, open 'D:\PROYEK LARAVEL\onlinestore\node_modules\is-fullwidth-code-point\package.json'
npm warn tar TAR_ENTRY_ERROR UNKNOWN: unknown error, open 'D:\PROYEK LARAVEL\onlinestore\node_modules\emoji-regex\package.json'
npm warn tar TAR_ENTRY_ERROR UNKNOWN: unknown error, open 'D:\PROYEK LARAVEL\onlinestore\node_modules\y18n\LICENSE'
npm warn tar TAR_ENTRY_ERROR UNKNOWN: unknown error, open 'D:\PROYEK LARAVEL\onlinestore\node_modules\strip-ansi\license'
npm warn tar TAR_ENTRY_ERROR UNKNOWN: unknown error, open 'D:\PROYEK LARAVEL\onlinestore\node_modules\wrap-ansi\license'
npm warn tar TAR_ENTRY_ERROR UNKNOWN: unknown error, open 'D:\PROYEK LARAVEL\onlinestore\node_modules\string-width\license'

added 161 packages, and audited 162 packages in 40s

38 packages are looking for funding
  run `npm fund` for details

found 0 vulnerabilities
